<?xml version="1.0" encoding="UTF-8"?>
<testsuite xmlns:xsi="http://www.w3.org/2001/XMLSchema-instance" xsi:noNamespaceSchemaLocation="https://maven.apache.org/surefire/maven-surefire-plugin/xsd/surefire-test-report-3.0.xsd" version="3.0" name="TestSuite" time="35.937" tests="1" errors="0" skipped="0" failures="0">
  <properties>
    <property name="java.specification.version" value="17"/>
    <property name="sun.cpu.isalist" value="amd64"/>
    <property name="sun.jnu.encoding" value="Cp1252"/>
    <property name="java.class.path" value="C:\Users\cmartinez02\AutomationTest\StoreUI\target\test-classes;C:\Users\cmartinez02\AutomationTest\StoreUI\target\classes;C:\Users\cmartinez02\.m2\repository\org\apache\maven\plugins\maven-surefire-plugin\3.2.5\maven-surefire-plugin-3.2.5.jar;C:\Users\cmartinez02\.m2\repository\org\apache\maven\surefire\maven-surefire-common\3.2.5\maven-surefire-common-3.2.5.jar;C:\Users\cmartinez02\.m2\repository\org\apache\maven\surefire\surefire-api\3.2.5\surefire-api-3.2.5.jar;C:\Users\cmartinez02\.m2\repository\org\apache\maven\surefire\surefire-logger-api\3.2.5\surefire-logger-api-3.2.5.jar;C:\Users\cmartinez02\.m2\repository\org\apache\maven\surefire\surefire-extensions-api\3.2.5\surefire-extensions-api-3.2.5.jar;C:\Users\cmartinez02\.m2\repository\org\apache\maven\surefire\surefire-booter\3.2.5\surefire-booter-3.2.5.jar;C:\Users\cmartinez02\.m2\repository\org\apache\maven\surefire\surefire-extensions-spi\3.2.5\surefire-extensions-spi-3.2.5.jar;C:\Users\cmartinez02\.m2\repository\org\eclipse\aether\aether-util\1.0.0.v20140518\aether-util-1.0.0.v20140518.jar;C:\Users\cmartinez02\.m2\repository\org\eclipse\aether\aether-api\1.0.0.v20140518\aether-api-1.0.0.v20140518.jar;C:\Users\cmartinez02\.m2\repository\org\apache\maven\shared\maven-common-artifact-filters\3.1.1\maven-common-artifact-filters-3.1.1.jar;C:\Users\cmartinez02\.m2\repository\org\apache\maven\maven-artifact\3.1.0\maven-artifact-3.1.0.jar;C:\Users\cmartinez02\.m2\repository\org\codehaus\plexus\plexus-utils\3.0.10\plexus-utils-3.0.10.jar;C:\Users\cmartinez02\.m2\repository\org\apache\maven\maven-core\3.1.0\maven-core-3.1.0.jar;C:\Users\cmartinez02\.m2\repository\org\apache\maven\maven-settings\3.1.0\maven-settings-3.1.0.jar;C:\Users\cmartinez02\.m2\repository\org\apache\maven\maven-settings-builder\3.1.0\maven-settings-builder-3.1.0.jar;C:\Users\cmartinez02\.m2\repository\org\apache\maven\maven-repository-metadata\3.1.0\maven-repository-metadata-3.1.0.jar;C:\Users\cmartinez02\.m2\repository\org\apache\maven\maven-model-builder\3.1.0\maven-model-builder-3.1.0.jar;C:\Users\cmartinez02\.m2\repository\org\apache\maven\maven-aether-provider\3.1.0\maven-aether-provider-3.1.0.jar;C:\Users\cmartinez02\.m2\repository\org\eclipse\aether\aether-spi\0.9.0.M2\aether-spi-0.9.0.M2.jar;C:\Users\cmartinez02\.m2\repository\org\eclipse\aether\aether-impl\0.9.0.M2\aether-impl-0.9.0.M2.jar;C:\Users\cmartinez02\.m2\repository\org\eclipse\sisu\org.eclipse.sisu.plexus\0.0.0.M2a\org.eclipse.sisu.plexus-0.0.0.M2a.jar;C:\Users\cmartinez02\.m2\repository\javax\enterprise\cdi-api\1.0\cdi-api-1.0.jar;C:\Users\cmartinez02\.m2\repository\javax\annotation\jsr250-api\1.0\jsr250-api-1.0.jar;C:\Users\cmartinez02\.m2\repository\javax\inject\javax.inject\1\javax.inject-1.jar;C:\Users\cmartinez02\.m2\repository\org\sonatype\sisu\sisu-guice\3.1.0\sisu-guice-3.1.0-no_aop.jar;C:\Users\cmartinez02\.m2\repository\aopalliance\aopalliance\1.0\aopalliance-1.0.jar;C:\Users\cmartinez02\.m2\repository\org\eclipse\sisu\org.eclipse.sisu.inject\0.0.0.M2a\org.eclipse.sisu.inject-0.0.0.M2a.jar;C:\Users\cmartinez02\.m2\repository\asm\asm\3.3.1\asm-3.3.1.jar;C:\Users\cmartinez02\.m2\repository\org\codehaus\plexus\plexus-interpolation\1.16\plexus-interpolation-1.16.jar;C:\Users\cmartinez02\.m2\repository\org\codehaus\plexus\plexus-classworlds\2.4.2\plexus-classworlds-2.4.2.jar;C:\Users\cmartinez02\.m2\repository\org\codehaus\plexus\plexus-component-annotations\1.5.5\plexus-component-annotations-1.5.5.jar;C:\Users\cmartinez02\.m2\repository\org\sonatype\plexus\plexus-sec-dispatcher\1.3\plexus-sec-dispatcher-1.3.jar;C:\Users\cmartinez02\.m2\repository\org\sonatype\plexus\plexus-cipher\1.4\plexus-cipher-1.4.jar;C:\Users\cmartinez02\.m2\repository\org\apache\maven\maven-plugin-api\3.1.0\maven-plugin-api-3.1.0.jar;C:\Users\cmartinez02\.m2\repository\org\codehaus\plexus\plexus-java\1.2.0\plexus-java-1.2.0.jar;C:\Users\cmartinez02\.m2\repository\org\ow2\asm\asm\9.6\asm-9.6.jar;C:\Users\cmartinez02\.m2\repository\com\thoughtworks\qdox\qdox\2.0.3\qdox-2.0.3.jar;C:\Users\cmartinez02\.m2\repository\org\apache\maven\surefire\surefire-shared-utils\3.2.5\surefire-shared-utils-3.2.5.jar;C:\Users\cmartinez02\.m2\repository\org\testng\testng\7.7.0\testng-7.7.0.jar;C:\Users\cmartinez02\.m2\repository\org\slf4j\slf4j-api\1.7.36\slf4j-api-1.7.36.jar;C:\Users\cmartinez02\.m2\repository\com\beust\jcommander\1.82\jcommander-1.82.jar;C:\Users\cmartinez02\.m2\repository\org\webjars\jquery\3.6.1\jquery-3.6.1.jar;C:\Users\cmartinez02\.m2\repository\com\aventstack\extentreports\5.0.9\extentreports-5.0.9.jar;C:\Users\cmartinez02\.m2\repository\io\reactivex\rxjava3\rxjava\3.0.4\rxjava-3.0.4.jar;C:\Users\cmartinez02\.m2\repository\org\reactivestreams\reactive-streams\1.0.3\reactive-streams-1.0.3.jar;C:\Users\cmartinez02\.m2\repository\org\freemarker\freemarker\2.3.30\freemarker-2.3.30.jar;C:\Users\cmartinez02\.m2\repository\com\google\code\gson\gson\2.8.6\gson-2.8.6.jar;C:\Users\cmartinez02\.m2\repository\org\seleniumhq\selenium\selenium-chrome-driver\4.8.0\selenium-chrome-driver-4.8.0.jar;C:\Users\cmartinez02\.m2\repository\com\google\auto\service\auto-service-annotations\1.0.1\auto-service-annotations-1.0.1.jar;C:\Users\cmartinez02\.m2\repository\com\google\auto\service\auto-service\1.0.1\auto-service-1.0.1.jar;C:\Users\cmartinez02\.m2\repository\com\google\auto\auto-common\1.2\auto-common-1.2.jar;C:\Users\cmartinez02\.m2\repository\com\google\guava\guava\31.1-jre\guava-31.1-jre.jar;C:\Users\cmartinez02\.m2\repository\com\google\guava\failureaccess\1.0.1\failureaccess-1.0.1.jar;C:\Users\cmartinez02\.m2\repository\com\google\guava\listenablefuture\9999.0-empty-to-avoid-conflict-with-guava\listenablefuture-9999.0-empty-to-avoid-conflict-with-guava.jar;C:\Users\cmartinez02\.m2\repository\com\google\code\findbugs\jsr305\3.0.2\jsr305-3.0.2.jar;C:\Users\cmartinez02\.m2\repository\org\checkerframework\checker-qual\3.12.0\checker-qual-3.12.0.jar;C:\Users\cmartinez02\.m2\repository\com\google\errorprone\error_prone_annotations\2.11.0\error_prone_annotations-2.11.0.jar;C:\Users\cmartinez02\.m2\repository\com\google\j2objc\j2objc-annotations\1.3\j2objc-annotations-1.3.jar;C:\Users\cmartinez02\.m2\repository\org\seleniumhq\selenium\selenium-chromium-driver\4.8.0\selenium-chromium-driver-4.8.0.jar;C:\Users\cmartinez02\.m2\repository\org\seleniumhq\selenium\selenium-json\4.8.0\selenium-json-4.8.0.jar;C:\Users\cmartinez02\.m2\repository\org\seleniumhq\selenium\selenium-remote-driver\4.8.0\selenium-remote-driver-4.8.0.jar;C:\Users\cmartinez02\.m2\repository\io\netty\netty-buffer\4.1.87.Final\netty-buffer-4.1.87.Final.jar;C:\Users\cmartinez02\.m2\repository\io\netty\netty-codec-http\4.1.87.Final\netty-codec-http-4.1.87.Final.jar;C:\Users\cmartinez02\.m2\repository\io\netty\netty-codec\4.1.87.Final\netty-codec-4.1.87.Final.jar;C:\Users\cmartinez02\.m2\repository\io\netty\netty-handler\4.1.87.Final\netty-handler-4.1.87.Final.jar;C:\Users\cmartinez02\.m2\repository\io\netty\netty-common\4.1.87.Final\netty-common-4.1.87.Final.jar;C:\Users\cmartinez02\.m2\repository\io\netty\netty-transport-classes-epoll\4.1.87.Final\netty-transport-classes-epoll-4.1.87.Final.jar;C:\Users\cmartinez02\.m2\repository\io\netty\netty-transport-classes-kqueue\4.1.87.Final\netty-transport-classes-kqueue-4.1.87.Final.jar;C:\Users\cmartinez02\.m2\repository\io\netty\netty-transport-native-epoll\4.1.87.Final\netty-transport-native-epoll-4.1.87.Final.jar;C:\Users\cmartinez02\.m2\repository\io\netty\netty-transport-native-kqueue\4.1.87.Final\netty-transport-native-kqueue-4.1.87.Final.jar;C:\Users\cmartinez02\.m2\repository\io\netty\netty-transport-native-unix-common\4.1.87.Final\netty-transport-native-unix-common-4.1.87.Final.jar;C:\Users\cmartinez02\.m2\repository\io\netty\netty-transport\4.1.87.Final\netty-transport-4.1.87.Final.jar;C:\Users\cmartinez02\.m2\repository\io\netty\netty-resolver\4.1.87.Final\netty-resolver-4.1.87.Final.jar;C:\Users\cmartinez02\.m2\repository\io\opentelemetry\opentelemetry-api\1.22.0\opentelemetry-api-1.22.0.jar;C:\Users\cmartinez02\.m2\repository\io\opentelemetry\opentelemetry-context\1.22.0\opentelemetry-context-1.22.0.jar;C:\Users\cmartinez02\.m2\repository\io\opentelemetry\opentelemetry-exporter-logging\1.22.0\opentelemetry-exporter-logging-1.22.0.jar;C:\Users\cmartinez02\.m2\repository\io\opentelemetry\opentelemetry-sdk-metrics\1.22.0\opentelemetry-sdk-metrics-1.22.0.jar;C:\Users\cmartinez02\.m2\repository\io\opentelemetry\opentelemetry-sdk-logs\1.22.0-alpha\opentelemetry-sdk-logs-1.22.0-alpha.jar;C:\Users\cmartinez02\.m2\repository\io\opentelemetry\opentelemetry-api-logs\1.22.0-alpha\opentelemetry-api-logs-1.22.0-alpha.jar;C:\Users\cmartinez02\.m2\repository\io\opentelemetry\opentelemetry-sdk-common\1.22.0\opentelemetry-sdk-common-1.22.0.jar;C:\Users\cmartinez02\.m2\repository\io\opentelemetry\opentelemetry-sdk-extension-autoconfigure-spi\1.22.0\opentelemetry-sdk-extension-autoconfigure-spi-1.22.0.jar;C:\Users\cmartinez02\.m2\repository\io\opentelemetry\opentelemetry-sdk-extension-autoconfigure\1.22.0-alpha\opentelemetry-sdk-extension-autoconfigure-1.22.0-alpha.jar;C:\Users\cmartinez02\.m2\repository\io\opentelemetry\opentelemetry-sdk-trace\1.22.0\opentelemetry-sdk-trace-1.22.0.jar;C:\Users\cmartinez02\.m2\repository\io\opentelemetry\opentelemetry-sdk\1.22.0\opentelemetry-sdk-1.22.0.jar;C:\Users\cmartinez02\.m2\repository\io\opentelemetry\opentelemetry-semconv\1.22.0-alpha\opentelemetry-semconv-1.22.0-alpha.jar;C:\Users\cmartinez02\.m2\repository\io\ous\jtoml\2.0.0\jtoml-2.0.0.jar;C:\Users\cmartinez02\.m2\repository\org\apache\commons\commons-exec\1.3\commons-exec-1.3.jar;C:\Users\cmartinez02\.m2\repository\org\asynchttpclient\async-http-client\2.12.3\async-http-client-2.12.3.jar;C:\Users\cmartinez02\.m2\repository\org\asynchttpclient\async-http-client-netty-utils\2.12.3\async-http-client-netty-utils-2.12.3.jar;C:\Users\cmartinez02\.m2\repository\io\netty\netty-codec-socks\4.1.60.Final\netty-codec-socks-4.1.60.Final.jar;C:\Users\cmartinez02\.m2\repository\io\netty\netty-handler-proxy\4.1.60.Final\netty-handler-proxy-4.1.60.Final.jar;C:\Users\cmartinez02\.m2\repository\io\netty\netty-transport-native-epoll\4.1.60.Final\netty-transport-native-epoll-4.1.60.Final-linux-x86_64.jar;C:\Users\cmartinez02\.m2\repository\io\netty\netty-transport-native-kqueue\4.1.60.Final\netty-transport-native-kqueue-4.1.60.Final-osx-x86_64.jar;C:\Users\cmartinez02\.m2\repository\com\typesafe\netty\netty-reactive-streams\2.0.4\netty-reactive-streams-2.0.4.jar;C:\Users\cmartinez02\.m2\repository\com\sun\activation\jakarta.activation\1.2.2\jakarta.activation-1.2.2.jar;C:\Users\cmartinez02\.m2\repository\org\seleniumhq\selenium\selenium-http\4.8.0\selenium-http-4.8.0.jar;C:\Users\cmartinez02\.m2\repository\dev\failsafe\failsafe\3.3.0\failsafe-3.3.0.jar;C:\Users\cmartinez02\.m2\repository\org\seleniumhq\selenium\selenium-manager\4.8.0\selenium-manager-4.8.0.jar;C:\Users\cmartinez02\.m2\repository\org\projectlombok\lombok\1.18.30\lombok-1.18.30.jar;C:\Users\cmartinez02\.m2\repository\org\seleniumhq\selenium\selenium-api\4.8.0\selenium-api-4.8.0.jar;C:\Users\cmartinez02\.m2\repository\org\seleniumhq\selenium\selenium-devtools-v109\4.8.3\selenium-devtools-v109-4.8.3.jar;C:\Users\cmartinez02\.m2\repository\org\seleniumhq\selenium\selenium-java\4.5.0\selenium-java-4.5.0.jar;C:\Users\cmartinez02\.m2\repository\org\seleniumhq\selenium\selenium-devtools-v104\4.5.0\selenium-devtools-v104-4.5.0.jar;C:\Users\cmartinez02\.m2\repository\org\seleniumhq\selenium\selenium-devtools-v105\4.5.0\selenium-devtools-v105-4.5.0.jar;C:\Users\cmartinez02\.m2\repository\org\seleniumhq\selenium\selenium-devtools-v106\4.5.0\selenium-devtools-v106-4.5.0.jar;C:\Users\cmartinez02\.m2\repository\org\seleniumhq\selenium\selenium-devtools-v85\4.5.0\selenium-devtools-v85-4.5.0.jar;C:\Users\cmartinez02\.m2\repository\org\seleniumhq\selenium\selenium-edge-driver\4.5.0\selenium-edge-driver-4.5.0.jar;C:\Users\cmartinez02\.m2\repository\org\seleniumhq\selenium\selenium-firefox-driver\4.5.0\selenium-firefox-driver-4.5.0.jar;C:\Users\cmartinez02\.m2\repository\org\seleniumhq\selenium\selenium-ie-driver\4.5.0\selenium-ie-driver-4.5.0.jar;C:\Users\cmartinez02\.m2\repository\org\seleniumhq\selenium\selenium-safari-driver\4.5.0\selenium-safari-driver-4.5.0.jar;C:\Users\cmartinez02\.m2\repository\org\seleniumhq\selenium\selenium-support\4.8.0\selenium-support-4.8.0.jar;C:\Users\cmartinez02\.m2\repository\net\bytebuddy\byte-buddy\1.12.22\byte-buddy-1.12.22.jar;C:\Users\cmartinez02\.m2\repository\junit\junit\4.13.2\junit-4.13.2.jar;C:\Users\cmartinez02\.m2\repository\org\hamcrest\hamcrest-core\1.3\hamcrest-core-1.3.jar;C:\Users\cmartinez02\.m2\repository\commons-io\commons-io\2.11.0\commons-io-2.11.0.jar;C:\Users\cmartinez02\.m2\repository\org\apache\logging\log4j\log4j-api\2.19.0\log4j-api-2.19.0.jar;C:\Users\cmartinez02\.m2\repository\org\apache\logging\log4j\log4j-core\2.19.0\log4j-core-2.19.0.jar;C:\Users\cmartinez02\.m2\repository\org\apache\logging\log4j\log4j-slf4j-impl\2.19.0\log4j-slf4j-impl-2.19.0.jar;C:\Users\cmartinez02\.m2\repository\org\springframework\spring-context\5.3.21\spring-context-5.3.21.jar;C:\Users\cmartinez02\.m2\repository\org\springframework\spring-aop\5.3.21\spring-aop-5.3.21.jar;C:\Users\cmartinez02\.m2\repository\org\springframework\spring-beans\5.3.21\spring-beans-5.3.21.jar;C:\Users\cmartinez02\.m2\repository\org\springframework\spring-core\5.3.21\spring-core-5.3.21.jar;C:\Users\cmartinez02\.m2\repository\org\springframework\spring-jcl\5.3.21\spring-jcl-5.3.21.jar;C:\Users\cmartinez02\.m2\repository\org\springframework\spring-expression\5.3.21\spring-expression-5.3.21.jar;C:\Users\cmartinez02\.m2\repository\com\mysql\mysql-connector-j\8.0.31\mysql-connector-j-8.0.31.jar;C:\Users\cmartinez02\.m2\repository\com\google\protobuf\protobuf-java\3.19.4\protobuf-java-3.19.4.jar;"/>
    <property name="java.vm.vendor" value="Oracle Corporation"/>
    <property name="sun.arch.data.model" value="64"/>
    <property name="user.variant" value=""/>
    <property name="java.vendor.url" value="https://java.oracle.com/"/>
    <property name="user.timezone" value="America/Bogota"/>
    <property name="os.name" value="Windows 11"/>
    <property name="java.vm.specification.version" value="17"/>
    <property name="sun.java.launcher" value="SUN_STANDARD"/>
    <property name="user.country" value="US"/>
    <property name="sun.boot.library.path" value="C:\Program Files\Java\jdk-17\bin"/>
    <property name="sun.java.command" value="C:\Users\cmartinez02\AppData\Local\Temp\surefire9204673716957335152\surefirebooter-20240716142033262_3.jar C:\Users\cmartinez02\AppData\Local\Temp\surefire9204673716957335152 2024-07-16T14-20-33_079-jvmRun1 surefire-20240716142033262_1tmp surefire_0-20240716142033262_2tmp"/>
    <property name="jdk.debug" value="release"/>
    <property name="surefire.test.class.path" value="C:\Users\cmartinez02\AutomationTest\StoreUI\target\test-classes;C:\Users\cmartinez02\AutomationTest\StoreUI\target\classes;C:\Users\cmartinez02\.m2\repository\org\apache\maven\plugins\maven-surefire-plugin\3.2.5\maven-surefire-plugin-3.2.5.jar;C:\Users\cmartinez02\.m2\repository\org\apache\maven\surefire\maven-surefire-common\3.2.5\maven-surefire-common-3.2.5.jar;C:\Users\cmartinez02\.m2\repository\org\apache\maven\surefire\surefire-api\3.2.5\surefire-api-3.2.5.jar;C:\Users\cmartinez02\.m2\repository\org\apache\maven\surefire\surefire-logger-api\3.2.5\surefire-logger-api-3.2.5.jar;C:\Users\cmartinez02\.m2\repository\org\apache\maven\surefire\surefire-extensions-api\3.2.5\surefire-extensions-api-3.2.5.jar;C:\Users\cmartinez02\.m2\repository\org\apache\maven\surefire\surefire-booter\3.2.5\surefire-booter-3.2.5.jar;C:\Users\cmartinez02\.m2\repository\org\apache\maven\surefire\surefire-extensions-spi\3.2.5\surefire-extensions-spi-3.2.5.jar;C:\Users\cmartinez02\.m2\repository\org\eclipse\aether\aether-util\1.0.0.v20140518\aether-util-1.0.0.v20140518.jar;C:\Users\cmartinez02\.m2\repository\org\eclipse\aether\aether-api\1.0.0.v20140518\aether-api-1.0.0.v20140518.jar;C:\Users\cmartinez02\.m2\repository\org\apache\maven\shared\maven-common-artifact-filters\3.1.1\maven-common-artifact-filters-3.1.1.jar;C:\Users\cmartinez02\.m2\repository\org\apache\maven\maven-artifact\3.1.0\maven-artifact-3.1.0.jar;C:\Users\cmartinez02\.m2\repository\org\codehaus\plexus\plexus-utils\3.0.10\plexus-utils-3.0.10.jar;C:\Users\cmartinez02\.m2\repository\org\apache\maven\maven-core\3.1.0\maven-core-3.1.0.jar;C:\Users\cmartinez02\.m2\repository\org\apache\maven\maven-settings\3.1.0\maven-settings-3.1.0.jar;C:\Users\cmartinez02\.m2\repository\org\apache\maven\maven-settings-builder\3.1.0\maven-settings-builder-3.1.0.jar;C:\Users\cmartinez02\.m2\repository\org\apache\maven\maven-repository-metadata\3.1.0\maven-repository-metadata-3.1.0.jar;C:\Users\cmartinez02\.m2\repository\org\apache\maven\maven-model-builder\3.1.0\maven-model-builder-3.1.0.jar;C:\Users\cmartinez02\.m2\repository\org\apache\maven\maven-aether-provider\3.1.0\maven-aether-provider-3.1.0.jar;C:\Users\cmartinez02\.m2\repository\org\eclipse\aether\aether-spi\0.9.0.M2\aether-spi-0.9.0.M2.jar;C:\Users\cmartinez02\.m2\repository\org\eclipse\aether\aether-impl\0.9.0.M2\aether-impl-0.9.0.M2.jar;C:\Users\cmartinez02\.m2\repository\org\eclipse\sisu\org.eclipse.sisu.plexus\0.0.0.M2a\org.eclipse.sisu.plexus-0.0.0.M2a.jar;C:\Users\cmartinez02\.m2\repository\javax\enterprise\cdi-api\1.0\cdi-api-1.0.jar;C:\Users\cmartinez02\.m2\repository\javax\annotation\jsr250-api\1.0\jsr250-api-1.0.jar;C:\Users\cmartinez02\.m2\repository\javax\inject\javax.inject\1\javax.inject-1.jar;C:\Users\cmartinez02\.m2\repository\org\sonatype\sisu\sisu-guice\3.1.0\sisu-guice-3.1.0-no_aop.jar;C:\Users\cmartinez02\.m2\repository\aopalliance\aopalliance\1.0\aopalliance-1.0.jar;C:\Users\cmartinez02\.m2\repository\org\eclipse\sisu\org.eclipse.sisu.inject\0.0.0.M2a\org.eclipse.sisu.inject-0.0.0.M2a.jar;C:\Users\cmartinez02\.m2\repository\asm\asm\3.3.1\asm-3.3.1.jar;C:\Users\cmartinez02\.m2\repository\org\codehaus\plexus\plexus-interpolation\1.16\plexus-interpolation-1.16.jar;C:\Users\cmartinez02\.m2\repository\org\codehaus\plexus\plexus-classworlds\2.4.2\plexus-classworlds-2.4.2.jar;C:\Users\cmartinez02\.m2\repository\org\codehaus\plexus\plexus-component-annotations\1.5.5\plexus-component-annotations-1.5.5.jar;C:\Users\cmartinez02\.m2\repository\org\sonatype\plexus\plexus-sec-dispatcher\1.3\plexus-sec-dispatcher-1.3.jar;C:\Users\cmartinez02\.m2\repository\org\sonatype\plexus\plexus-cipher\1.4\plexus-cipher-1.4.jar;C:\Users\cmartinez02\.m2\repository\org\apache\maven\maven-plugin-api\3.1.0\maven-plugin-api-3.1.0.jar;C:\Users\cmartinez02\.m2\repository\org\codehaus\plexus\plexus-java\1.2.0\plexus-java-1.2.0.jar;C:\Users\cmartinez02\.m2\repository\org\ow2\asm\asm\9.6\asm-9.6.jar;C:\Users\cmartinez02\.m2\repository\com\thoughtworks\qdox\qdox\2.0.3\qdox-2.0.3.jar;C:\Users\cmartinez02\.m2\repository\org\apache\maven\surefire\surefire-shared-utils\3.2.5\surefire-shared-utils-3.2.5.jar;C:\Users\cmartinez02\.m2\repository\org\testng\testng\7.7.0\testng-7.7.0.jar;C:\Users\cmartinez02\.m2\repository\org\slf4j\slf4j-api\1.7.36\slf4j-api-1.7.36.jar;C:\Users\cmartinez02\.m2\repository\com\beust\jcommander\1.82\jcommander-1.82.jar;C:\Users\cmartinez02\.m2\repository\org\webjars\jquery\3.6.1\jquery-3.6.1.jar;C:\Users\cmartinez02\.m2\repository\com\aventstack\extentreports\5.0.9\extentreports-5.0.9.jar;C:\Users\cmartinez02\.m2\repository\io\reactivex\rxjava3\rxjava\3.0.4\rxjava-3.0.4.jar;C:\Users\cmartinez02\.m2\repository\org\reactivestreams\reactive-streams\1.0.3\reactive-streams-1.0.3.jar;C:\Users\cmartinez02\.m2\repository\org\freemarker\freemarker\2.3.30\freemarker-2.3.30.jar;C:\Users\cmartinez02\.m2\repository\com\google\code\gson\gson\2.8.6\gson-2.8.6.jar;C:\Users\cmartinez02\.m2\repository\org\seleniumhq\selenium\selenium-chrome-driver\4.8.0\selenium-chrome-driver-4.8.0.jar;C:\Users\cmartinez02\.m2\repository\com\google\auto\service\auto-service-annotations\1.0.1\auto-service-annotations-1.0.1.jar;C:\Users\cmartinez02\.m2\repository\com\google\auto\service\auto-service\1.0.1\auto-service-1.0.1.jar;C:\Users\cmartinez02\.m2\repository\com\google\auto\auto-common\1.2\auto-common-1.2.jar;C:\Users\cmartinez02\.m2\repository\com\google\guava\guava\31.1-jre\guava-31.1-jre.jar;C:\Users\cmartinez02\.m2\repository\com\google\guava\failureaccess\1.0.1\failureaccess-1.0.1.jar;C:\Users\cmartinez02\.m2\repository\com\google\guava\listenablefuture\9999.0-empty-to-avoid-conflict-with-guava\listenablefuture-9999.0-empty-to-avoid-conflict-with-guava.jar;C:\Users\cmartinez02\.m2\repository\com\google\code\findbugs\jsr305\3.0.2\jsr305-3.0.2.jar;C:\Users\cmartinez02\.m2\repository\org\checkerframework\checker-qual\3.12.0\checker-qual-3.12.0.jar;C:\Users\cmartinez02\.m2\repository\com\google\errorprone\error_prone_annotations\2.11.0\error_prone_annotations-2.11.0.jar;C:\Users\cmartinez02\.m2\repository\com\google\j2objc\j2objc-annotations\1.3\j2objc-annotations-1.3.jar;C:\Users\cmartinez02\.m2\repository\org\seleniumhq\selenium\selenium-chromium-driver\4.8.0\selenium-chromium-driver-4.8.0.jar;C:\Users\cmartinez02\.m2\repository\org\seleniumhq\selenium\selenium-json\4.8.0\selenium-json-4.8.0.jar;C:\Users\cmartinez02\.m2\repository\org\seleniumhq\selenium\selenium-remote-driver\4.8.0\selenium-remote-driver-4.8.0.jar;C:\Users\cmartinez02\.m2\repository\io\netty\netty-buffer\4.1.87.Final\netty-buffer-4.1.87.Final.jar;C:\Users\cmartinez02\.m2\repository\io\netty\netty-codec-http\4.1.87.Final\netty-codec-http-4.1.87.Final.jar;C:\Users\cmartinez02\.m2\repository\io\netty\netty-codec\4.1.87.Final\netty-codec-4.1.87.Final.jar;C:\Users\cmartinez02\.m2\repository\io\netty\netty-handler\4.1.87.Final\netty-handler-4.1.87.Final.jar;C:\Users\cmartinez02\.m2\repository\io\netty\netty-common\4.1.87.Final\netty-common-4.1.87.Final.jar;C:\Users\cmartinez02\.m2\repository\io\netty\netty-transport-classes-epoll\4.1.87.Final\netty-transport-classes-epoll-4.1.87.Final.jar;C:\Users\cmartinez02\.m2\repository\io\netty\netty-transport-classes-kqueue\4.1.87.Final\netty-transport-classes-kqueue-4.1.87.Final.jar;C:\Users\cmartinez02\.m2\repository\io\netty\netty-transport-native-epoll\4.1.87.Final\netty-transport-native-epoll-4.1.87.Final.jar;C:\Users\cmartinez02\.m2\repository\io\netty\netty-transport-native-kqueue\4.1.87.Final\netty-transport-native-kqueue-4.1.87.Final.jar;C:\Users\cmartinez02\.m2\repository\io\netty\netty-transport-native-unix-common\4.1.87.Final\netty-transport-native-unix-common-4.1.87.Final.jar;C:\Users\cmartinez02\.m2\repository\io\netty\netty-transport\4.1.87.Final\netty-transport-4.1.87.Final.jar;C:\Users\cmartinez02\.m2\repository\io\netty\netty-resolver\4.1.87.Final\netty-resolver-4.1.87.Final.jar;C:\Users\cmartinez02\.m2\repository\io\opentelemetry\opentelemetry-api\1.22.0\opentelemetry-api-1.22.0.jar;C:\Users\cmartinez02\.m2\repository\io\opentelemetry\opentelemetry-context\1.22.0\opentelemetry-context-1.22.0.jar;C:\Users\cmartinez02\.m2\repository\io\opentelemetry\opentelemetry-exporter-logging\1.22.0\opentelemetry-exporter-logging-1.22.0.jar;C:\Users\cmartinez02\.m2\repository\io\opentelemetry\opentelemetry-sdk-metrics\1.22.0\opentelemetry-sdk-metrics-1.22.0.jar;C:\Users\cmartinez02\.m2\repository\io\opentelemetry\opentelemetry-sdk-logs\1.22.0-alpha\opentelemetry-sdk-logs-1.22.0-alpha.jar;C:\Users\cmartinez02\.m2\repository\io\opentelemetry\opentelemetry-api-logs\1.22.0-alpha\opentelemetry-api-logs-1.22.0-alpha.jar;C:\Users\cmartinez02\.m2\repository\io\opentelemetry\opentelemetry-sdk-common\1.22.0\opentelemetry-sdk-common-1.22.0.jar;C:\Users\cmartinez02\.m2\repository\io\opentelemetry\opentelemetry-sdk-extension-autoconfigure-spi\1.22.0\opentelemetry-sdk-extension-autoconfigure-spi-1.22.0.jar;C:\Users\cmartinez02\.m2\repository\io\opentelemetry\opentelemetry-sdk-extension-autoconfigure\1.22.0-alpha\opentelemetry-sdk-extension-autoconfigure-1.22.0-alpha.jar;C:\Users\cmartinez02\.m2\repository\io\opentelemetry\opentelemetry-sdk-trace\1.22.0\opentelemetry-sdk-trace-1.22.0.jar;C:\Users\cmartinez02\.m2\repository\io\opentelemetry\opentelemetry-sdk\1.22.0\opentelemetry-sdk-1.22.0.jar;C:\Users\cmartinez02\.m2\repository\io\opentelemetry\opentelemetry-semconv\1.22.0-alpha\opentelemetry-semconv-1.22.0-alpha.jar;C:\Users\cmartinez02\.m2\repository\io\ous\jtoml\2.0.0\jtoml-2.0.0.jar;C:\Users\cmartinez02\.m2\repository\org\apache\commons\commons-exec\1.3\commons-exec-1.3.jar;C:\Users\cmartinez02\.m2\repository\org\asynchttpclient\async-http-client\2.12.3\async-http-client-2.12.3.jar;C:\Users\cmartinez02\.m2\repository\org\asynchttpclient\async-http-client-netty-utils\2.12.3\async-http-client-netty-utils-2.12.3.jar;C:\Users\cmartinez02\.m2\repository\io\netty\netty-codec-socks\4.1.60.Final\netty-codec-socks-4.1.60.Final.jar;C:\Users\cmartinez02\.m2\repository\io\netty\netty-handler-proxy\4.1.60.Final\netty-handler-proxy-4.1.60.Final.jar;C:\Users\cmartinez02\.m2\repository\io\netty\netty-transport-native-epoll\4.1.60.Final\netty-transport-native-epoll-4.1.60.Final-linux-x86_64.jar;C:\Users\cmartinez02\.m2\repository\io\netty\netty-transport-native-kqueue\4.1.60.Final\netty-transport-native-kqueue-4.1.60.Final-osx-x86_64.jar;C:\Users\cmartinez02\.m2\repository\com\typesafe\netty\netty-reactive-streams\2.0.4\netty-reactive-streams-2.0.4.jar;C:\Users\cmartinez02\.m2\repository\com\sun\activation\jakarta.activation\1.2.2\jakarta.activation-1.2.2.jar;C:\Users\cmartinez02\.m2\repository\org\seleniumhq\selenium\selenium-http\4.8.0\selenium-http-4.8.0.jar;C:\Users\cmartinez02\.m2\repository\dev\failsafe\failsafe\3.3.0\failsafe-3.3.0.jar;C:\Users\cmartinez02\.m2\repository\org\seleniumhq\selenium\selenium-manager\4.8.0\selenium-manager-4.8.0.jar;C:\Users\cmartinez02\.m2\repository\org\projectlombok\lombok\1.18.30\lombok-1.18.30.jar;C:\Users\cmartinez02\.m2\repository\org\seleniumhq\selenium\selenium-api\4.8.0\selenium-api-4.8.0.jar;C:\Users\cmartinez02\.m2\repository\org\seleniumhq\selenium\selenium-devtools-v109\4.8.3\selenium-devtools-v109-4.8.3.jar;C:\Users\cmartinez02\.m2\repository\org\seleniumhq\selenium\selenium-java\4.5.0\selenium-java-4.5.0.jar;C:\Users\cmartinez02\.m2\repository\org\seleniumhq\selenium\selenium-devtools-v104\4.5.0\selenium-devtools-v104-4.5.0.jar;C:\Users\cmartinez02\.m2\repository\org\seleniumhq\selenium\selenium-devtools-v105\4.5.0\selenium-devtools-v105-4.5.0.jar;C:\Users\cmartinez02\.m2\repository\org\seleniumhq\selenium\selenium-devtools-v106\4.5.0\selenium-devtools-v106-4.5.0.jar;C:\Users\cmartinez02\.m2\repository\org\seleniumhq\selenium\selenium-devtools-v85\4.5.0\selenium-devtools-v85-4.5.0.jar;C:\Users\cmartinez02\.m2\repository\org\seleniumhq\selenium\selenium-edge-driver\4.5.0\selenium-edge-driver-4.5.0.jar;C:\Users\cmartinez02\.m2\repository\org\seleniumhq\selenium\selenium-firefox-driver\4.5.0\selenium-firefox-driver-4.5.0.jar;C:\Users\cmartinez02\.m2\repository\org\seleniumhq\selenium\selenium-ie-driver\4.5.0\selenium-ie-driver-4.5.0.jar;C:\Users\cmartinez02\.m2\repository\org\seleniumhq\selenium\selenium-safari-driver\4.5.0\selenium-safari-driver-4.5.0.jar;C:\Users\cmartinez02\.m2\repository\org\seleniumhq\selenium\selenium-support\4.8.0\selenium-support-4.8.0.jar;C:\Users\cmartinez02\.m2\repository\net\bytebuddy\byte-buddy\1.12.22\byte-buddy-1.12.22.jar;C:\Users\cmartinez02\.m2\repository\junit\junit\4.13.2\junit-4.13.2.jar;C:\Users\cmartinez02\.m2\repository\org\hamcrest\hamcrest-core\1.3\hamcrest-core-1.3.jar;C:\Users\cmartinez02\.m2\repository\commons-io\commons-io\2.11.0\commons-io-2.11.0.jar;C:\Users\cmartinez02\.m2\repository\org\apache\logging\log4j\log4j-api\2.19.0\log4j-api-2.19.0.jar;C:\Users\cmartinez02\.m2\repository\org\apache\logging\log4j\log4j-core\2.19.0\log4j-core-2.19.0.jar;C:\Users\cmartinez02\.m2\repository\org\apache\logging\log4j\log4j-slf4j-impl\2.19.0\log4j-slf4j-impl-2.19.0.jar;C:\Users\cmartinez02\.m2\repository\org\springframework\spring-context\5.3.21\spring-context-5.3.21.jar;C:\Users\cmartinez02\.m2\repository\org\springframework\spring-aop\5.3.21\spring-aop-5.3.21.jar;C:\Users\cmartinez02\.m2\repository\org\springframework\spring-beans\5.3.21\spring-beans-5.3.21.jar;C:\Users\cmartinez02\.m2\repository\org\springframework\spring-core\5.3.21\spring-core-5.3.21.jar;C:\Users\cmartinez02\.m2\repository\org\springframework\spring-jcl\5.3.21\spring-jcl-5.3.21.jar;C:\Users\cmartinez02\.m2\repository\org\springframework\spring-expression\5.3.21\spring-expression-5.3.21.jar;C:\Users\cmartinez02\.m2\repository\com\mysql\mysql-connector-j\8.0.31\mysql-connector-j-8.0.31.jar;C:\Users\cmartinez02\.m2\repository\com\google\protobuf\protobuf-java\3.19.4\protobuf-java-3.19.4.jar;"/>
    <property name="sun.cpu.endian" value="little"/>
    <property name="user.home" value="C:\Users\cmartinez02"/>
    <property name="user.language" value="en"/>
    <property name="java.specification.vendor" value="Oracle Corporation"/>
    <property name="java.version.date" value="2024-04-16"/>
    <property name="java.home" value="C:\Program Files\Java\jdk-17"/>
    <property name="file.separator" value="\"/>
    <property name="basedir" value="C:\Users\cmartinez02\AutomationTest\StoreUI"/>
    <property name="java.vm.compressedOopsMode" value="Zero based"/>
    <property name="line.separator" value="&#10;"/>
    <property name="java.vm.specification.vendor" value="Oracle Corporation"/>
    <property name="java.specification.name" value="Java Platform API Specification"/>
    <property name="surefire.real.class.path" value="C:\Users\cmartinez02\AppData\Local\Temp\surefire9204673716957335152\surefirebooter-20240716142033262_3.jar"/>
    <property name="user.script" value=""/>
    <property name="sun.management.compiler" value="HotSpot 64-Bit Tiered Compilers"/>
    <property name="java.runtime.version" value="17.0.11+7-LTS-207"/>
    <property name="user.name" value="cmartinez02"/>
    <property name="path.separator" value=";"/>
    <property name="os.version" value="10.0"/>
    <property name="java.runtime.name" value="Java(TM) SE Runtime Environment"/>
    <property name="file.encoding" value="Cp1252"/>
    <property name="java.vm.name" value="Java HotSpot(TM) 64-Bit Server VM"/>
    <property name="localRepository" value="C:\Users\cmartinez02\.m2\repository"/>
    <property name="java.vendor.url.bug" value="https://bugreport.java.com/bugreport/"/>
    <property name="java.io.tmpdir" value="C:\Users\CMARTI~1\AppData\Local\Temp\"/>
    <property name="java.version" value="17.0.11"/>
    <property name="user.dir" value="C:\Users\cmartinez02\AutomationTest\StoreUI"/>
    <property name="os.arch" value="amd64"/>
    <property name="java.vm.specification.name" value="Java Virtual Machine Specification"/>
    <property name="sun.os.patch.level" value=""/>
    <property name="native.encoding" value="Cp1252"/>
    <property name="java.library.path" value="C:\Program Files\Java\jdk-17\bin;C:\WINDOWS\Sun\Java\bin;C:\WINDOWS\system32;C:\WINDOWS;C:\Program Files\Common Files\Oracle\Java\javapath;C:\Program Files (x86)\Microsoft SDKs\Azure\CLI2\wbin;C:\WINDOWS\system32;C:\WINDOWS;C:\WINDOWS\System32\Wbem;C:\WINDOWS\System32\WindowsPowerShell\v1.0\;C:\WINDOWS\System32\OpenSSH\;C:\Program Files (x86)\Microsoft SQL Server\160\Tools\Binn\;C:\Program Files\Microsoft SQL Server\160\Tools\Binn\;C:\Program Files\Microsoft SQL Server\Client SDK\ODBC\170\Tools\Binn\;C:\Program Files\Microsoft SQL Server\160\DTS\Binn\;C:\Program Files (x86)\Microsoft SQL Server\160\DTS\Binn\;C:\Program Files\Azure Data Studio\bin;C:\Program Files\dotnet\;C:\Users\cmartinez02\AppData\Roaming\nvm;C:\Program Files\nodejs;C:\Program Files\nodejs\;C:\Program Files\Java\jdk-17\bin;C:\Program Files\apache-maven-3.9.5\bin;C:\Program Files\Git\cmd;C:\Users\cmartinez02\AppData\Local\Microsoft\WindowsApps;C:\Program Files\JetBrains\IntelliJ IDEA Community Edition 2023.3.4\bin;;C:\Program Files\Azure Data Studio\bin;C:\Users\cmartinez02\AppData\Roaming\npm;C:\tools;C:\Users\cmartinez02\AppData\Local\Microsoft\WinGet\Links;C:\Users\cmartinez02\AppData\Local\Programs\Microsoft VS Code\bin;C:\Users\cmartinez02\AppData\Roaming\nvm;C:\Program Files\nodejs;C:\workSpace;C:\Users\cmartinez02\.jdks\corretto-21.0.2\bin;C:\Program Files\apache-maven-3.9.5\bin;;."/>
    <property name="java.vm.info" value="mixed mode, sharing"/>
    <property name="java.vendor" value="Oracle Corporation"/>
    <property name="java.vm.version" value="17.0.11+7-LTS-207"/>
    <property name="sun.io.unicode.encoding" value="UnicodeLittle"/>
    <property name="java.class.version" value="61.0"/>
  </properties>
  <testcase name="testAddTwoProducts" classname="test.Addtwoproducts" time="32.722">
    <system-out><![CDATA[This is the list 2 Country: Aaland Islands
This is the list 3 Country: Afghanistan
This is the list 4 Country: Albania
This is the list 5 Country: Algeria
This is the list 6 Country: American Samoa
This is the list 7 Country: Andorra
This is the list 8 Country: Angola
This is the list 9 Country: Anguilla
This is the list 10 Country: Antarctica
This is the list 11 Country: Antigua and Barbuda
This is the list 12 Country: Argentina
This is the list 13 Country: Armenia
This is the list 14 Country: Aruba
This is the list 15 Country: Ascension Island (British)
This is the list 16 Country: Australia
This is the list 17 Country: Austria
This is the list 18 Country: Azerbaijan
This is the list 19 Country: Bahamas
This is the list 20 Country: Bahrain
This is the list 21 Country: Bangladesh
This is the list 22 Country: Barbados
This is the list 23 Country: Belarus
This is the list 24 Country: Belgium
This is the list 25 Country: Belize
This is the list 26 Country: Benin
This is the list 27 Country: Bermuda
This is the list 28 Country: Bhutan
This is the list 29 Country: Bolivia
This is the list 30 Country: Bonaire, Sint Eustatius and Saba
This is the list 31 Country: Bosnia and Herzegovina
This is the list 32 Country: Botswana
This is the list 33 Country: Bouvet Island
This is the list 34 Country: Brazil
This is the list 35 Country: British Indian Ocean Territory
This is the list 36 Country: Brunei Darussalam
This is the list 37 Country: Bulgaria
This is the list 38 Country: Burkina Faso
This is the list 39 Country: Burundi
This is the list 40 Country: Cambodia
This is the list 41 Country: Cameroon
This is the list 42 Country: Canada
This is the list 43 Country: Canary Islands
This is the list 44 Country: Cape Verde
This is the list 45 Country: Cayman Islands
This is the list 46 Country: Central African Republic
This is the list 47 Country: Chad
This is the list 48 Country: Chile
This is the list 49 Country: China
This is the list 50 Country: Christmas Island
This is the list 51 Country: Cocos (Keeling) Islands
This is the list 52 Country: Colombia
This is the list 53 Country: Comoros
This is the list 54 Country: Congo
This is the list 55 Country: Cook Islands
This is the list 56 Country: Costa Rica
This is the list 57 Country: Cote D'Ivoire
This is the list 58 Country: Croatia
This is the list 59 Country: Cuba
This is the list 60 Country: Curacao
This is the list 61 Country: Cyprus
This is the list 62 Country: Czech Republic
This is the list 63 Country: Democratic Republic of Congo
This is the list 64 Country: Denmark
This is the list 65 Country: Djibouti
This is the list 66 Country: Dominica
This is the list 67 Country: Dominican Republic
This is the list 68 Country: East Timor
This is the list 69 Country: Ecuador
This is the list 70 Country: Egypt
This is the list 71 Country: El Salvador
This is the list 72 Country: Equatorial Guinea
This is the list 73 Country: Eritrea
This is the list 74 Country: Estonia
This is the list 75 Country: Ethiopia
This is the list 76 Country: Falkland Islands (Malvinas)
This is the list 77 Country: Faroe Islands
This is the list 78 Country: Fiji
This is the list 79 Country: Finland
This is the list 80 Country: France, Metropolitan
This is the list 81 Country: French Guiana
This is the list 82 Country: French Polynesia
This is the list 83 Country: French Southern Territories
This is the list 84 Country: FYROM
This is the list 85 Country: Gabon
This is the list 86 Country: Gambia
This is the list 87 Country: Georgia
This is the list 88 Country: Germany
This is the list 89 Country: Ghana
This is the list 90 Country: Gibraltar
This is the list 91 Country: Greece
This is the list 92 Country: Greenland
This is the list 93 Country: Grenada
This is the list 94 Country: Guadeloupe
This is the list 95 Country: Guam
This is the list 96 Country: Guatemala
This is the list 97 Country: Guernsey
This is the list 98 Country: Guinea
This is the list 99 Country: Guinea-Bissau
This is the list 100 Country: Guyana
This is the list 101 Country: Haiti
This is the list 102 Country: Heard and Mc Donald Islands
This is the list 103 Country: Honduras
This is the list 104 Country: Hong Kong
This is the list 105 Country: Hungary
This is the list 106 Country: Iceland
This is the list 107 Country: India
This is the list 108 Country: Indonesia
This is the list 109 Country: Iran (Islamic Republic of)
This is the list 110 Country: Iraq
This is the list 111 Country: Ireland
This is the list 112 Country: Isle of Man
This is the list 113 Country: Israel
This is the list 114 Country: Italy
This is the list 115 Country: Jamaica
This is the list 116 Country: Japan
This is the list 117 Country: Jersey
This is the list 118 Country: Jordan
This is the list 119 Country: Kazakhstan
This is the list 120 Country: Kenya
This is the list 121 Country: Kiribati
This is the list 122 Country: Kosovo, Republic of
This is the list 123 Country: Kuwait
This is the list 124 Country: Kyrgyzstan
This is the list 125 Country: Lao People's Democratic Republic
This is the list 126 Country: Latvia
This is the list 127 Country: Lebanon
This is the list 128 Country: Lesotho
This is the list 129 Country: Liberia
This is the list 130 Country: Libyan Arab Jamahiriya
This is the list 131 Country: Liechtenstein
This is the list 132 Country: Lithuania
This is the list 133 Country: Luxembourg
This is the list 134 Country: Macau
This is the list 135 Country: Madagascar
This is the list 136 Country: Malawi
This is the list 137 Country: Malaysia
This is the list 138 Country: Maldives
This is the list 139 Country: Mali
This is the list 140 Country: Malta
This is the list 141 Country: Marshall Islands
This is the list 142 Country: Martinique
This is the list 143 Country: Mauritania
This is the list 144 Country: Mauritius
This is the list 145 Country: Mayotte
This is the list 146 Country: Mexico
This is the list 147 Country: Micronesia, Federated States of
This is the list 148 Country: Moldova, Republic of
This is the list 149 Country: Monaco
This is the list 150 Country: Mongolia
This is the list 151 Country: Montenegro
This is the list 152 Country: Montserrat
This is the list 153 Country: Morocco
This is the list 154 Country: Mozambique
This is the list 155 Country: Myanmar
This is the list 156 Country: Namibia
This is the list 157 Country: Nauru
This is the list 158 Country: Nepal
This is the list 159 Country: Netherlands
This is the list 160 Country: Netherlands Antilles
This is the list 161 Country: New Caledonia
This is the list 162 Country: New Zealand
This is the list 163 Country: Nicaragua
This is the list 164 Country: Niger
This is the list 165 Country: Nigeria
This is the list 166 Country: Niue
This is the list 167 Country: Norfolk Island
This is the list 168 Country: North Korea
This is the list 169 Country: Northern Mariana Islands
This is the list 170 Country: Norway
This is the list 171 Country: Oman
This is the list 172 Country: Pakistan
This is the list 173 Country: Palau
This is the list 174 Country: Palestinian Territory, Occupied
This is the list 175 Country: Panama
This is the list 176 Country: Papua New Guinea
This is the list 177 Country: Paraguay
This is the list 178 Country: Peru
This is the list 179 Country: Philippines
This is the list 180 Country: Pitcairn
This is the list 181 Country: Poland
This is the list 182 Country: Portugal
This is the list 183 Country: Puerto Rico
This is the list 184 Country: Qatar
This is the list 185 Country: Reunion
This is the list 186 Country: Romania
This is the list 187 Country: Russian Federation
This is the list 188 Country: Rwanda
This is the list 189 Country: Saint Kitts and Nevis
This is the list 190 Country: Saint Lucia
This is the list 191 Country: Saint Vincent and the Grenadines
This is the list 192 Country: Samoa
This is the list 193 Country: San Marino
This is the list 194 Country: Sao Tome and Principe
This is the list 195 Country: Saudi Arabia
This is the list 196 Country: Senegal
This is the list 197 Country: Serbia
This is the list 198 Country: Seychelles
This is the list 199 Country: Sierra Leone
This is the list 200 Country: Singapore
This is the list 201 Country: Slovak Republic
This is the list 202 Country: Slovenia
This is the list 203 Country: Solomon Islands
This is the list 204 Country: Somalia
This is the list 205 Country: South Africa
This is the list 206 Country: South Georgia & South Sandwich Islands
This is the list 207 Country: South Korea
This is the list 208 Country: South Sudan
This is the list 209 Country: Spain
This is the list 210 Country: Sri Lanka
This is the list 211 Country: St. Barthelemy
This is the list 212 Country: St. Helena
This is the list 213 Country: St. Martin (French part)
This is the list 214 Country: St. Pierre and Miquelon
This is the list 215 Country: Sudan
This is the list 216 Country: Suriname
This is the list 217 Country: Svalbard and Jan Mayen Islands
This is the list 218 Country: Swaziland
This is the list 219 Country: Sweden
This is the list 220 Country: Switzerland
This is the list 221 Country: Syrian Arab Republic
This is the list 222 Country: Taiwan
This is the list 223 Country: Tajikistan
This is the list 224 Country: Tanzania, United Republic of
This is the list 225 Country: Thailand
This is the list 226 Country: Togo
This is the list 227 Country: Tokelau
This is the list 228 Country: Tonga
This is the list 229 Country: Trinidad and Tobago
This is the list 230 Country: Tristan da Cunha
This is the list 231 Country: Tunisia
This is the list 232 Country: Turkey
This is the list 233 Country: Turkmenistan
This is the list 234 Country: Turks and Caicos Islands
This is the list 235 Country: Tuvalu
This is the list 236 Country: Uganda
This is the list 237 Country: Ukraine
This is the list 238 Country: United Arab Emirates
This is the list 239 Country: United Kingdom
This is the list 240 Country: United States
This is the list 241 Country: United States Minor Outlying Islands
This is the list 242 Country: Uruguay
This is the list 243 Country: Uzbekistan
This is the list 244 Country: Vanuatu
This is the list 245 Country: Vatican City State (Holy See)
This is the list 246 Country: Venezuela
This is the list 247 Country: Viet Nam
This is the list 248 Country: Virgin Islands (British)
This is the list 249 Country: Virgin Islands (U.S.)
This is the list 250 Country: Wallis and Futuna Islands
This is the list 251 Country: Western Sahara
This is the list 252 Country: Yemen
This is the list 253 Country: Zambia
This is the list 254 Country: Zimbabwe
]]></system-out>
    <system-err><![CDATA[Starting ChromeDriver 125.0.6422.60 (3ac3319bff9f3e139d632e3d195e3d2d43d86e37-refs/branch-heads/6422@{#1017}) on port 34479
Only local connections are allowed.
Please see https://chromedriver.chromium.org/security-considerations for suggestions on keeping ChromeDriver safe.
ChromeDriver was started successfully.
[1721157635.781][WARNING]: This version of ChromeDriver has not been tested with Chrome version 126.
Jul 16, 2024 2:20:36 PM org.openqa.selenium.devtools.CdpVersionFinder findNearestMatch
WARNING: Unable to find CDP implementation matching 126
Jul 16, 2024 2:20:36 PM org.openqa.selenium.chromium.ChromiumDriver lambda$new$3
WARNING: Unable to find version of CDP to use for . You may need to include a dependency on a specific version of the CDP using something similar to `org.seleniumhq.selenium:selenium-devtools-v86:4.8.0` where the version ("v86") matches the version of the chromium-based browser you're using and the version number of the artifact is the same as Selenium's.
]]></system-err>
  </testcase>
</testsuite>