<?xml version="1.0" encoding="UTF-8"?>
<!-- Generated by org.testng.reporters.JUnitReportReporter -->
<testsuite hostname="CMARTINEZ02-PC" failures="0" tests="1" name="test.Addtwoproducts" time="35.190" errors="0" timestamp="2024-07-16T14:21:09 COT" skipped="0">
  <testcase classname="test.Addtwoproducts" name="testAddTwoProducts" time="35.190"/>
  <system-out/>
</testsuite> <!-- test.Addtwoproducts -->
